app/build/outputs/mapping/debug/seeds.txt
ru.azure.games.gui.util.CustomRecyclerView
ru.azure.games.gui.Rudasklad
ru.azure.games.core.NotificationDialogFragment
ru.azure.games.core.DialogClientSettingsColorFragment
ru.azure.games.core.DialogClientSettings
ru.azure.games.gui.Speedometer
ru.azure.games.core.DialogClientSettingsHUDFragment
ru.azure.games.application.MyFirebaseMessagingService
ru.azure.games.core.DialogClientSettingsFPSFragment
ru.azure.games.gui.chatedgar.ChatManager
ru.azure.games.core.GTASA
ru.azure.games.core.DialogClientSettingsCommonFragment
ru.azure.games.core.DialogClientSettingsWeaponsFragment
ru.azure.games.core.DialogClientSettingsFPSFragment: DialogClientSettingsFPSFragment()
ru.azure.games.gui.util.CustomRecyclerView: CustomRecyclerView(android.content.Context,android.util.AttributeSet)
ru.azure.games.gui.util.CustomRecyclerView: void setEnableScrolling(boolean)
ru.azure.games.application.MyFirebaseMessagingService: MyFirebaseMessagingService()
ru.azure.games.core.DialogClientSettings: DialogClientSettings()
ru.azure.games.gui.Speedometer: void sendClick(int)
ru.azure.games.core.DialogClientSettingsWeaponsFragment: DialogClientSettingsWeaponsFragment()
ru.azure.games.core.DialogClientSettingsCommonFragment: DialogClientSettingsCommonFragment()
ru.azure.games.core.DialogClientSettingsColorFragment: DialogClientSettingsColorFragment()
ru.azure.games.core.DialogClientSettingsHUDFragment: DialogClientSettingsHUDFragment()
ru.azure.games.core.NotificationDialogFragment: NotificationDialogFragment()
ru.azure.games.core.GTASA: GTASA()
ru.azure.games.gui.util.CustomRecyclerView: int getScrollForRecycler()
ru.azure.games.gui.chatedgar.ChatManager: void sendChatMessages(byte[])
...
androidx.vectordrawable.graphics.drawable.VectorDrawableCompat$VFullPath: void setFillColor(int)
com.google.android.datatransport.cct.internal.ClientInfo: ClientInfo()
androidx.appcompat.widget.ActionBarContainer: void setVisibility(int)
com.nvidia.devtech.AudioHelper: int LoadSound(java.lang.String,int)
androidx.appcompat.widget.ActionBarContextView: java.lang.CharSequence getTitle()
androidx.fragment.app.Fragment: Fragment()
com.nvidia.devtech.NvEventQueueActivity: void onSensorChanged(android.hardware.SensorEvent)
com.google.android.gms.internal.measurement.zzht: zzht()
androidx.appcompat.widget.AppCompatTextView: int getAutoSizeMinTextSize()
androidx.recyclerview.widget.RecyclerView: int getBaseline()
com.google.android.gms.measurement.internal.AppMeasurementDynamiteService: void onActivityResumed(com.google.android.gms.dynamic.IObjectWrapper,long)
com.mikhaellopez.circularprogressbar.CircularProgressBar: boolean getIndeterminateMode()
androidx.appcompat.graphics.drawable.AnimatedStateListDrawableCompat: AnimatedStateListDrawableCompat()
com.google.protobuf.MapFieldLite: MapFieldLite()
com.google.android.datatransport.runtime.backends.BackendResponse$Status: com.google.android.datatransport.runtime.backends.BackendResponse$Status valueOf(java.lang.String)
io.grpc.internal.GzipInflatingBuffer$State: io.grpc.internal.GzipInflatingBuffer$State[] values()
com.nvidia.devtech.NvEventQueueActivity: void destroyEGLSurface()
androidx.appcompat.widget.SearchView: void setImeOptions(int)
androidx.core.view.ViewCompat$Api21Impl: void setElevation(android.view.View,float)
com.smarteist.autoimageslider.SliderView: void setIndicatorEnabled(boolean)
com.google.android.material.tabs.TabLayout: void setTabIndicatorFullWidth(boolean)
androidx.appcompat.widget.Toolbar: int getContentInsetEndWithActions()
com.nvidia.devtech.NvEventQueueActivity: void sendCommand(byte[])
com.nvidia.devtech.NvEventQueueActivity: void lambda$checkVersion$39(int)
androidx.appcompat.widget.AppCompatCheckBox: void setButtonDrawable(int)
com.google.firestore.v1.DocumentTransform$FieldTransform$ServerValue: com.google.firestore.v1.DocumentTransform$FieldTransform$ServerValue valueOf(java.lang.String)
androidx.core.view.WindowInsetsCompat$BuilderImpl20: void setStableInsets(androidx.core.graphics.Insets)
android.support.v4.media.session.PlaybackStateCompat$Api22Impl: android.os.Bundle getExtras(android.media.session.PlaybackState)
com.google.android.material.internal.CheckableImageButton: void setChecked(boolean)
ru.azure.launcher.fragment.MainFragment: MainFragment()
android.support.v4.media.AudioAttributesImplApi21Parcelizer: void write(androidx.media.AudioAttributesImplApi21,androidx.versionedparcelable.VersionedParcel)
androidx.appcompat.widget.AppCompatEditText: android.content.res.ColorStateList getSupportBackgroundTintList()
kotlinx.coroutines.JobCancellingNode: JobCancellingNode()
com.nvidia.devtech.NvEventQueueActivity: void sendLoadingClick(int,int)
androidx.core.view.ViewCompat$Api16Impl: int getMinimumHeight(android.view.View)
io.grpc.internal.JndiResourceResolverFactory: JndiResourceResolverFactory()
androidx.appcompat.widget.AppCompatAutoCompleteTextView: void setDropDownBackgroundResource(int)
io.grpc.Status$Code: io.grpc.Status$Code[] values()
com.skydoves.colorpickerview.flag.FlagView: void setFlagMode(com.skydoves.colorpickerview.flag.FlagMode)
androidx.core.view.ViewCompat$Api26Impl: boolean hasExplicitFocusable(android.view.View)
androidx.appcompat.widget.AppCompatImageView: android.content.res.ColorStateList getSupportImageTintList()
com.google.android.gms.internal.measurement.zzhs: zzhs()
androidx.vectordrawable.graphics.drawable.VectorDrawableCompat$VGroup: void setRotation(float)
com.google.android.material.bottomsheet.BottomSheetBehavior: BottomSheetBehavior(android.content.Context,android.util.AttributeSet)
com.nvidia.devtech.NvEventQueueActivity: void lambda$showSplash$26()