app/build/outputs/mapping/debug/usage.txt
ru.azure.games.BuildConfig
ru.azure.games.Contacts
ru.azure.games.GTASA
ru.azure.games.InterfacesManager:
    public ru.azure.games.gui.ChooseServer getChooseServerManager()
    public ru.azure.games.gui.HudManager getHudManager()
    public ru.azure.games.gui.Speedometer getSpeedometerManager()
    public void hideViewGroup(android.view.ViewGroup)
    public void showViewGroup(android.view.ViewGroup)
ru.azure.games.R$anim
ru.azure.games.R$animator
ru.azure.games.R$array
ru.azure.games.R$attr
ru.azure.games.R$bool
ru.azure.games.R$color
ru.azure.games.R$dimen
ru.azure.games.R$drawable
ru.azure.games.R$font
ru.azure.games.R$id
ru.azure.games.R$integer
ru.azure.games.R$interpolator
ru.azure.games.R$layout
ru.azure.games.R$raw
ru.azure.games.R$string
ru.azure.games.R$style
ru.azure.games.R$styleable
ru.azure.games.R$xml
ru.azure.games.R
ru.azure.games.core.Config
ru.azure.games.core.DialogClientSettings:
    static final int mSettingsComonEnd
    static final int mSettingsComonStart
    static final int mSettingsHudCount
    static final int mSettingsHudFPSEnd
    static final int mSettingsHudFPSStart
    static final int mSettingsWeaponsEnd
    static final int mSettingsWeaponsStart
ru.azure.games.core.DialogClientSettingsColorFragment:
    public void save()
ru.azure.games.core.DialogClientSettingsCommonFragment:
    private java.util.HashMap mOldDrawables
    public void save()
ru.azure.games.core.DialogClientSettingsFPSFragment:
    public void save()
ru.azure.games.core.DialogClientSettingsHUDFragment:
    public void save()
ru.azure.games.core.DialogClientSettingsOld$1
ru.azure.games.core.DialogClientSettingsOld
ru.azure.games.core.DialogClientSettingsWeaponsFragment:
    public void save()
ru.azure.games.core.GTASA:
    public void AfterDownloadFunction()
    public void EnterSocialClub()
    public void ExitSocialClub()
    public native void main()
    public native void setCurrentScreenSize(int,int)
    public static void staticEnterSocialClub()
    public static void staticExitSocialClub()
ru.azure.games.core.ISaveableFragment
ru.azure.games.core.Utils
ru.azure.games.gui.ChooseServer:
    android.widget.TextView percentText
    int size
ru.azure.games.gui.DateTimeHud:
    public void close()
ru.azure.games.gui.HudManager:
    public android.widget.ImageView pass
ru.azure.games.gui.HudStata:
    public void close()
ru.azure.games.gui.Notification:
    public android.widget.LinearLayout main
    public android.view.View view
ru.azure.games.gui.Phone:
    public android.widget.TextView titulorg
ru.azure.games.gui.QuestDialog:
    public android.os.CountDownTimer countDownTimer
ru.azure.games.gui.Rudasklad:
    native void onOilFactoryGameClose(boolean)
ru.azure.games.gui.Speedometer:
    public android.app.Activity activity
    public android.widget.TextView mCarHP
    public android.widget.TextView mFuel
    public android.widget.ImageView mLight
    public com.nvidia.devtech.AudioHelper sound
ru.azure.games.gui.chatedgar.ChatManager$ChatAdapter:
    public void scrollItem()
ru.azure.games.gui.chatedgar.ChatManager:
    public int color1
    private static ru.azure.games.gui.chatedgar.ChatManager instance
    public void setChatStatys(int)
ru.azure.games.gui.dialogs.Dialog:
    private static final int DIALOG_LEFT_BTN_ID
    private static final int DIALOG_RIGHT_BTN_ID
    private static final int DIALOG_STYLE_INPUT
    private static final int DIALOG_STYLE_LIST
    private static final int DIALOG_STYLE_MSGBOX
    private static final int DIALOG_STYLE_PASSWORD
    private static final int DIALOG_STYLE_TABLIST
    private static final int DIALOG_STYLE_TABLIST_HEADER
ru.azure.games.gui.dialogs.DialogAdapter:
    public java.util.ArrayList getFields()
ru.azure.games.gui.keyboard.KeyBoard$h
ru.azure.games.gui.keyboard.KeyBoard$keys$a
ru.azure.games.gui.keyboard.KeyBoard$onClickKeys:
    private static final long DOUBLE_TAP_TIME_DELTA
...
androidx.appcompat.widget.Toolbar$ExpandedActionViewMenuPresenter:
    public int getId()
    public androidx.appcompat.view.menu.MenuView getMenuView(android.view.ViewGroup)
    public void onRestoreInstanceState(android.os.Parcelable)
    public android.os.Parcelable onSaveInstanceState()
    public void setCallback(androidx.appcompat.view.menu.MenuPresenter$Callback)
androidx.appcompat.widget.Toolbar$LayoutParams:
    static final int CUSTOM
    static final int EXPANDED
    static final int SYSTEM
    public void <init>(int)
    public void <init>(int,int,int)
androidx.appcompat.widget.Toolbar$SavedState:
    public void <init>(android.os.Parcel)
androidx.appcompat.widget.Toolbar:
    private static final java.lang.String TAG
    public void <init>(android.content.Context)
    public boolean isTitleTruncated()
    public void setContentInsetsAbsolute(int,int)
    public void setTitleMargin(int,int,int,int)
androidx.appcompat.widget.ToolbarWidgetWrapper:
    private static final int AFFECTS_LOGO_MASK
    private static final long DEFAULT_FADE_DURATION_MS
    private static final java.lang.String TAG
    private android.widget.Spinner mSpinner
    public void animateToVisibility(int)
    private void ensureSpinner()
    public android.view.View getCustomView()
    public int getDropdownItemCount()
    public int getDropdownSelectedPosition()
    public int getHeight()
    public java.lang.CharSequence getSubtitle()
    public int getVisibility()
    public boolean hasEmbeddedTabs()
    public boolean hasIcon()
    public boolean hasLogo()
    public boolean isTitleTruncated()
    public void restoreHierarchyState(android.util.SparseArray)
    public void saveHierarchyState(android.util.SparseArray)
    public void setBackgroundDrawable(android.graphics.drawable.Drawable)
    public void setDefaultNavigationIcon(android.graphics.drawable.Drawable)
    public void setDropdownParams(android.widget.SpinnerAdapter,android.widget.AdapterView$OnItemSelectedListener)
    public void setDropdownSelectedPosition(int)
    public void setNavigationIcon(int)
    public void setNavigationMode(int)
androidx.appcompat.widget.TooltipCompat:
    private void <init>()
androidx.appcompat.widget.TooltipCompatHandler:
    private static final long HOVER_HIDE_TIMEOUT_MS
    private static final long HOVER_HIDE_TIMEOUT_SHORT_MS
    private static final long LONG_CLICK_HIDE_TIMEOUT_MS
    private static final java.lang.String TAG
androidx.appcompat.widget.TooltipPopup:
    private static final java.lang.String TAG
androidx.appcompat.widget.VectorEnabledTintResources:
    public static final int MAX_SDK_WHERE_REQUIRED
    public static void setCompatVectorFromResourcesEnabled(boolean)
androidx.appcompat.widget.ViewUtils:
    private static final java.lang.String TAG
    private void <init>()
androidx.arch.core.R
androidx.arch.core.executor.ArchTaskExecutor:
    public static java.util.concurrent.Executor getIOThreadExecutor()
    public static java.util.concurrent.Executor getMainThreadExecutor()
    public void setDelegate(androidx.arch.core.executor.TaskExecutor)
androidx.arch.core.executor.DefaultTaskExecutor$1:
    private static final java.lang.String THREAD_NAME_STEM
androidx.arch.core.executor.TaskExecutor:
    public void executeOnMainThread(java.lang.Runnable)
androidx.arch.core.util.Function
androidx.asynclayoutinflater.R$attr
androidx.asynclayoutinflater.R$color
androidx.asynclayoutinflater.R$dimen
androidx.asynclayoutinflater.R$drawable
androidx.asynclayoutinflater.R$id
androidx.asynclayoutinflater.R$integer
androidx.asynclayoutinflater.R$layout
androidx.asynclayoutinflater.R$string
androidx.asynclayoutinflater.R$style
androidx.asynclayoutinflater.R$styleable
androidx.asynclayoutinflater.R
androidx.asynclayoutinflater.view.AsyncLayoutInflater$1
androidx.asynclayoutinflater.view.AsyncLayoutInflater$BasicInflater
androidx.asynclayoutinflater.view.AsyncLayoutInflater$InflateRequest